<?xml version="1.0" encoding="UTF-8"?>
<testsuite xmlns:xsi="http://www.w3.org/2001/XMLSchema-instance" xsi:schemaLocation="https://maven.apache.org/surefire/maven-surefire-plugin/xsd/surefire-test-report.xsd" name="pl.polsl.michal.smaluch.cipher.caesar.model.tests.ModelTest" time="0.076" tests="23" errors="0" skipped="0" failures="0">
  <properties>
[...]
</properties>
  <testcase name="shiftMessageTestDecrypt" classname="pl.polsl.michal.smaluch.cipher.caesar.model.tests.ModelTest" time="0.016"/>
  <testcase name="setKeyTestWithCorrectValues{String}[1]" classname="pl.polsl.michal.smaluch.cipher.caesar.model.tests.ModelTest" time="0.016"/>
  <testcase name="setKeyTestWithCorrectValues{String}[2]" classname="pl.polsl.michal.smaluch.cipher.caesar.model.tests.ModelTest" time="0"/>
  <testcase name="parseArgumentsTestEncryptFlag" classname="pl.polsl.michal.smaluch.cipher.caesar.model.tests.ModelTest" time="0.001"/>
  <testcase name="setKeyTestWithIncorrectValues{String}[1]" classname="pl.polsl.michal.smaluch.cipher.caesar.model.tests.ModelTest" time="0.001"/>
  <testcase name="setKeyTestWithIncorrectValues{String}[2]" classname="pl.polsl.michal.smaluch.cipher.caesar.model.tests.ModelTest" time="0.001"/>
  <testcase name="parseArgumentsTestMessage" classname="pl.polsl.michal.smaluch.cipher.caesar.model.tests.ModelTest" time="0.001"/>
  <testcase name="shiftMessageTestEncrypt" classname="pl.polsl.michal.smaluch.cipher.caesar.model.tests.ModelTest" time="0"/>
  <testcase name="parseArgumentsTestWithIncorrectValues{String}[1]" classname="pl.polsl.michal.smaluch.cipher.caesar.model.tests.ModelTest" time="0.001"/>
  <testcase name="parseArgumentsTestWithIncorrectValues{String}[2]" classname="pl.polsl.michal.smaluch.cipher.caesar.model.tests.ModelTest" time="0"/>
  <testcase name="parseArgumentsTestWithIncorrectValues{String}[3]" classname="pl.polsl.michal.smaluch.cipher.caesar.model.tests.ModelTest" time="0"/>
  <testcase name="parseArgumentsTestWithIncorrectValues{String}[4]" classname="pl.polsl.michal.smaluch.cipher.caesar.model.tests.ModelTest" time="0"/>
  <testcase name="parseArgumentsTestWithIncorrectValues{String}[5]" classname="pl.polsl.michal.smaluch.cipher.caesar.model.tests.ModelTest" time="0"/>
  <testcase name="parseArgumentsTestWithIncorrectValues{String}[6]" classname="pl.polsl.michal.smaluch.cipher.caesar.model.tests.ModelTest" time="0"/>
  <testcase name="setMessageTestCorrect" classname="pl.polsl.michal.smaluch.cipher.caesar.model.tests.ModelTest" time="0.001"/>
  <testcase name="parseArgumentsTestWithCorrectValues{String}[1]" classname="pl.polsl.michal.smaluch.cipher.caesar.model.tests.ModelTest" time="0"/>
  <testcase name="parseArgumentsTestWithCorrectValues{String}[2]" classname="pl.polsl.michal.smaluch.cipher.caesar.model.tests.ModelTest" time="0"/>
  <testcase name="parseArgumentsTestWithCorrectValues{String}[3]" classname="pl.polsl.michal.smaluch.cipher.caesar.model.tests.ModelTest" time="0.001"/>
  <testcase name="parseArgumentsTestWithCorrectValues{String}[4]" classname="pl.polsl.michal.smaluch.cipher.caesar.model.tests.ModelTest" time="0.001"/>
  <testcase name="parseArgumentsTestWithCorrectValues{String}[5]" classname="pl.polsl.michal.smaluch.cipher.caesar.model.tests.ModelTest" time="0"/>
  <testcase name="parseArgumentsTestKey" classname="pl.polsl.michal.smaluch.cipher.caesar.model.tests.ModelTest" time="0"/>
  <testcase name="setMessageTestIncorrect" classname="pl.polsl.michal.smaluch.cipher.caesar.model.tests.ModelTest" time="0.001"/>
  <testcase name="parseArgumentsTestDecryptFlag" classname="pl.polsl.michal.smaluch.cipher.caesar.model.tests.ModelTest" time="0"/>
</testsuite>