<?xml version="1.0" encoding="UTF-8"?>
<testsuite xmlns:xsi="http://www.w3.org/2001/XMLSchema-instance" xsi:schemaLocation="https://maven.apache.org/surefire/maven-surefire-plugin/xsd/surefire-test-report.xsd" name="pl.polsl.michal.smaluch.cipher.caesar.model.ModelTest" time="0.116" tests="19" errors="0" skipped="0" failures="0">
  <properties>
[...]
</properties>
  <testcase name="setKeyTest{int}[1]" classname="pl.polsl.michal.smaluch.cipher.caesar.model.ModelTest" time="0.022"/>
  <testcase name="setKeyTest{int}[2]" classname="pl.polsl.michal.smaluch.cipher.caesar.model.ModelTest" time="0"/>
  <testcase name="setKeyTest{int}[3]" classname="pl.polsl.michal.smaluch.cipher.caesar.model.ModelTest" time="0.016"/>
  <testcase name="getHelpFlagTest" classname="pl.polsl.michal.smaluch.cipher.caesar.model.ModelTest" time="0"/>
  <testcase name="getDecryptFlagTest" classname="pl.polsl.michal.smaluch.cipher.caesar.model.ModelTest" time="0"/>
  <testcase name="getMessageTest" classname="pl.polsl.michal.smaluch.cipher.caesar.model.ModelTest" time="0"/>
  <testcase name="parseArgumentsTest{String, String, String}[1]" classname="pl.polsl.michal.smaluch.cipher.caesar.model.ModelTest" time="0"/>
  <testcase name="parseArgumentsTest{String, String, String}[2]" classname="pl.polsl.michal.smaluch.cipher.caesar.model.ModelTest" time="0"/>
  <testcase name="parseArgumentsTest{String, String, String}[3]" classname="pl.polsl.michal.smaluch.cipher.caesar.model.ModelTest" time="0"/>
  <testcase name="setDecryptFlagTest" classname="pl.polsl.michal.smaluch.cipher.caesar.model.ModelTest" time="0"/>
  <testcase name="getEncryptFlagTest" classname="pl.polsl.michal.smaluch.cipher.caesar.model.ModelTest" time="0"/>
  <testcase name="getKeyFlagTest" classname="pl.polsl.michal.smaluch.cipher.caesar.model.ModelTest" time="0"/>
  <testcase name="setEncryptFlagTest" classname="pl.polsl.michal.smaluch.cipher.caesar.model.ModelTest" time="0"/>
  <testcase name="getProcessedMessageTest" classname="pl.polsl.michal.smaluch.cipher.caesar.model.ModelTest" time="0"/>
  <testcase name="shiftMessageTest" classname="pl.polsl.michal.smaluch.cipher.caesar.model.ModelTest" time="0"/>
  <testcase name="setMessageTest{String}[1]" classname="pl.polsl.michal.smaluch.cipher.caesar.model.ModelTest" time="0"/>
  <testcase name="setMessageTest{String}[2]" classname="pl.polsl.michal.smaluch.cipher.caesar.model.ModelTest" time="0"/>
  <testcase name="setMessageTest{String}[3]" classname="pl.polsl.michal.smaluch.cipher.caesar.model.ModelTest" time="0"/>
  <testcase name="getMessageFlagTest" classname="pl.polsl.michal.smaluch.cipher.caesar.model.ModelTest" time="0"/>
</testsuite>